<?xml version="1.0" encoding="UTF-8"?>
<!-- Generated by org.testng.reporters.JUnitXMLReporter -->
<testsuite ignored="0" hostname="DESKTOP-T1A9IBN" failures="0" tests="1" name="Test-Runner-Chrome" time="70.711" errors="0" timestamp="2024-01-10T15:53:59 IST">
  <testcase classname="ContactTests.CreateNewContactTest" name="createNewContactWithMandatoryDetails" time="44.709"/>
</testsuite> <!-- Test-Runner-Chrome -->
