<?xml version="1.0" encoding="UTF-8"?>
<!-- Generated by org.testng.reporters.JUnitXMLReporter -->
<testsuite ignored="0" hostname="DESKTOP-T1A9IBN" failures="0" tests="1" name="Test-Runner-Edge" time="71.79" errors="0" timestamp="2024-01-10T15:54:00 IST">
  <testcase classname="ContactTests.CreateNewContactTest" name="createNewContactWithMandatoryDetails" time="40.157"/>
</testsuite> <!-- Test-Runner-Edge -->
