<?xml version="1.0" encoding="UTF-8"?>
<!-- Generated by org.testng.reporters.JUnitReportReporter -->
<testsuite hostname="DESKTOP-T1A9IBN" failures="0" tests="1" name="ContactTests.CreateNewContactWithMandatoryDetailsTest" time="50.049" errors="0" timestamp="2024-01-04T14:32:13 IST" skipped="0">
  <testcase classname="ContactTests.CreateNewContactWithMandatoryDetailsTest" name="createNewContact" time="50.049"/>
  <system-out/>
</testsuite> <!-- ContactTests.CreateNewContactWithMandatoryDetailsTest -->
