<?xml version="1.0" encoding="UTF-8"?>
<!-- Generated by org.testng.reporters.JUnitReportReporter -->
<testsuite hostname="DESKTOP-T1A9IBN" failures="0" tests="1" name="ProductTests.CreateNewProductTest" time="29.965" errors="0" timestamp="2024-01-10T13:33:12 IST" skipped="0">
  <testcase classname="ProductTests.CreateNewProductTest" name="createNewProductWithMandatoryDetails" time="29.965"/>
</testsuite> <!-- ProductTests.CreateNewProductTest -->
