<?xml version="1.0" encoding="UTF-8"?>
<!-- Generated by org.testng.reporters.JUnitReportReporter -->
<testsuite hostname="DESKTOP-T1A9IBN" failures="0" tests="1" name="ContactTests.CreateNewContactWithLeadSourceTest" time="49.066" errors="0" timestamp="2024-01-10T14:47:20 IST" skipped="0">
  <testcase classname="ContactTests.CreateNewContactWithLeadSourceTest" name="createNewContactWithLeadSource" time="49.066"/>
</testsuite> <!-- ContactTests.CreateNewContactWithLeadSourceTest -->
